This is pdfTeX, Version 3.141592653-2.6-1.40.22 (TeX Live 2021) (preloaded format=pdflatex 2021.7.13)  16 AUG 2021 13:46
entering extended mode
 restricted \write18 enabled.
 %&-line parsing enabled.
**Exercise_Final.tex
(./Exercise_Final.tex
LaTeX2e <2020-10-01> patch level 4
L3 programming layer <2021-02-18> (/usr/local/texlive/2021/texmf-dist/tex/latex
/base/article.cls
Document Class: article 2020/04/10 v1.4m Standard LaTeX document class
(/usr/local/texlive/2021/texmf-dist/tex/latex/base/size10.clo
File: size10.clo 2020/04/10 v1.4m Standard LaTeX file (size option)
)
\c@part=\count179
\c@section=\count180
\c@subsection=\count181
\c@subsubsection=\count182
\c@paragraph=\count183
\c@subparagraph=\count184
\c@figure=\count185
\c@table=\count186
\abovecaptionskip=\skip47
\belowcaptionskip=\skip48
\bibindent=\dimen138
) (/usr/local/texlive/2021/texmf-dist/tex/latex/amsmath/amsmath.sty
Package: amsmath 2020/09/23 v2.17i AMS math features
\@mathmargin=\skip49
For additional information on amsmath, use the `?' option.
(/usr/local/texlive/2021/texmf-dist/tex/latex/amsmath/amstext.sty
Package: amstext 2000/06/29 v2.01 AMS text
(/usr/local/texlive/2021/texmf-dist/tex/latex/amsmath/amsgen.sty
File: amsgen.sty 1999/11/30 v2.0 generic functions
\@emptytoks=\toks15
\ex@=\dimen139
)) (/usr/local/texlive/2021/texmf-dist/tex/latex/amsmath/amsbsy.sty
Package: amsbsy 1999/11/29 v1.2d Bold Symbols
\pmbraise@=\dimen140
) (/usr/local/texlive/2021/texmf-dist/tex/latex/amsmath/amsopn.sty
Package: amsopn 2016/03/08 v2.02 operator names
)
\inf@bad=\count187
LaTeX Info: Redefining \frac on input line 234.
\uproot@=\count188
\leftroot@=\count189
LaTeX Info: Redefining \overline on input line 399.
\classnum@=\count190
\DOTSCASE@=\count191
LaTeX Info: Redefining \ldots on input line 496.
LaTeX Info: Redefining \dots on input line 499.
LaTeX Info: Redefining \cdots on input line 620.
\Mathstrutbox@=\box47
\strutbox@=\box48
\big@size=\dimen141
LaTeX Font Info:    Redeclaring font encoding OML on input line 743.
LaTeX Font Info:    Redeclaring font encoding OMS on input line 744.
\macc@depth=\count192
\c@MaxMatrixCols=\count193
\dotsspace@=\muskip16
\c@parentequation=\count194
\dspbrk@lvl=\count195
\tag@help=\toks16
\row@=\count196
\column@=\count197
\maxfields@=\count198
\andhelp@=\toks17
\eqnshift@=\dimen142
\alignsep@=\dimen143
\tagshift@=\dimen144
\tagwidth@=\dimen145
\totwidth@=\dimen146
\lineht@=\dimen147
\@envbody=\toks18
\multlinegap=\skip50
\multlinetaggap=\skip51
\mathdisplay@stack=\toks19
LaTeX Info: Redefining \[ on input line 2923.
LaTeX Info: Redefining \] on input line 2924.
) (/usr/local/texlive/2021/texmf-dist/tex/latex/amsfonts/amssymb.sty
Package: amssymb 2013/01/14 v3.01 AMS font symbols
(/usr/local/texlive/2021/texmf-dist/tex/latex/amsfonts/amsfonts.sty
Package: amsfonts 2013/01/14 v3.01 Basic AMSFonts support
\symAMSa=\mathgroup4
\symAMSb=\mathgroup5
LaTeX Font Info:    Redeclaring math symbol \hbar on input line 98.
LaTeX Font Info:    Overwriting math alphabet `\mathfrak' in version `bold'
(Font)                  U/euf/m/n --> U/euf/b/n on input line 106.
)) (/usr/local/texlive/2021/texmf-dist/tex/latex/lm/lmodern.sty
Package: lmodern 2015/05/01 v1.6.1 Latin Modern Fonts
LaTeX Font Info:    Overwriting symbol font `operators' in version `normal'
(Font)                  OT1/cmr/m/n --> OT1/lmr/m/n on input line 22.
LaTeX Font Info:    Overwriting symbol font `letters' in version `normal'
(Font)                  OML/cmm/m/it --> OML/lmm/m/it on input line 23.
LaTeX Font Info:    Overwriting symbol font `symbols' in version `normal'
(Font)                  OMS/cmsy/m/n --> OMS/lmsy/m/n on input line 24.
LaTeX Font Info:    Overwriting symbol font `largesymbols' in version `normal'
(Font)                  OMX/cmex/m/n --> OMX/lmex/m/n on input line 25.
LaTeX Font Info:    Overwriting symbol font `operators' in version `bold'
(Font)                  OT1/cmr/bx/n --> OT1/lmr/bx/n on input line 26.
LaTeX Font Info:    Overwriting symbol font `letters' in version `bold'
(Font)                  OML/cmm/b/it --> OML/lmm/b/it on input line 27.
LaTeX Font Info:    Overwriting symbol font `symbols' in version `bold'
(Font)                  OMS/cmsy/b/n --> OMS/lmsy/b/n on input line 28.
LaTeX Font Info:    Overwriting symbol font `largesymbols' in version `bold'
(Font)                  OMX/cmex/m/n --> OMX/lmex/m/n on input line 29.
LaTeX Font Info:    Overwriting math alphabet `\mathbf' in version `normal'
(Font)                  OT1/cmr/bx/n --> OT1/lmr/bx/n on input line 31.
LaTeX Font Info:    Overwriting math alphabet `\mathsf' in version `normal'
(Font)                  OT1/cmss/m/n --> OT1/lmss/m/n on input line 32.
LaTeX Font Info:    Overwriting math alphabet `\mathit' in version `normal'
(Font)                  OT1/cmr/m/it --> OT1/lmr/m/it on input line 33.
LaTeX Font Info:    Overwriting math alphabet `\mathtt' in version `normal'
(Font)                  OT1/cmtt/m/n --> OT1/lmtt/m/n on input line 34.
LaTeX Font Info:    Overwriting math alphabet `\mathbf' in version `bold'
(Font)                  OT1/cmr/bx/n --> OT1/lmr/bx/n on input line 35.
LaTeX Font Info:    Overwriting math alphabet `\mathsf' in version `bold'
(Font)                  OT1/cmss/bx/n --> OT1/lmss/bx/n on input line 36.
LaTeX Font Info:    Overwriting math alphabet `\mathit' in version `bold'
(Font)                  OT1/cmr/bx/it --> OT1/lmr/bx/it on input line 37.
LaTeX Font Info:    Overwriting math alphabet `\mathtt' in version `bold'
(Font)                  OT1/cmtt/m/n --> OT1/lmtt/m/n on input line 38.
) (/usr/local/texlive/2021/texmf-dist/tex/generic/iftex/ifxetex.sty
Package: ifxetex 2019/10/25 v0.7 ifxetex legacy package. Use iftex instead.
(/usr/local/texlive/2021/texmf-dist/tex/generic/iftex/iftex.sty
Package: iftex 2020/03/06 v1.0d TeX engine tests
)) (/usr/local/texlive/2021/texmf-dist/tex/generic/iftex/ifluatex.sty
Package: ifluatex 2019/10/25 v1.5 ifluatex legacy package. Use iftex instead.
) (/usr/local/texlive/2021/texmf-dist/tex/latex/base/fontenc.sty
Package: fontenc 2020/08/10 v2.0s Standard LaTeX package
LaTeX Font Info:    Trying to load font information for T1+lmr on input line 11
2.
(/usr/local/texlive/2021/texmf-dist/tex/latex/lm/t1lmr.fd
File: t1lmr.fd 2015/05/01 v1.6.1 Font defs for Latin Modern
)) (/usr/local/texlive/2021/texmf-dist/tex/latex/base/inputenc.sty
Package: inputenc 2020/08/01 v1.3d Input encoding file
\inpenc@prehook=\toks20
\inpenc@posthook=\toks21
) (/usr/local/texlive/2021/texmf-dist/tex/latex/base/textcomp.sty
Package: textcomp 2020/02/02 v2.0n Standard LaTeX package
) (/usr/local/texlive/2021/texmf-dist/tex/latex/upquote/upquote.sty
Package: upquote 2012/04/19 v1.3 upright-quote and grave-accent glyphs in verba
tim
) (/usr/local/texlive/2021/texmf-dist/tex/latex/microtype/microtype.sty
Package: microtype 2021/03/14 v2.8c Micro-typographical refinements (RS)
(/usr/local/texlive/2021/texmf-dist/tex/latex/graphics/keyval.sty
Package: keyval 2014/10/28 v1.15 key=value parser (DPC)
\KV@toks@=\toks22
)
\MT@toks=\toks23
\MT@count=\count199
LaTeX Info: Redefining \textls on input line 790.
\MT@outer@kern=\dimen148
LaTeX Info: Redefining \textmicrotypecontext on input line 1374.
\MT@listname@count=\count266
(/usr/local/texlive/2021/texmf-dist/tex/latex/microtype/microtype-pdftex.def
File: microtype-pdftex.def 2021/03/14 v2.8c Definitions specific to pdftex (RS)

LaTeX Info: Redefining \lsstyle on input line 915.
LaTeX Info: Redefining \lslig on input line 915.
\MT@outer@space=\skip52
)
Package microtype Info: Loading configuration file microtype.cfg.
(/usr/local/texlive/2021/texmf-dist/tex/latex/microtype/microtype.cfg
File: microtype.cfg 2021/03/14 v2.8c microtype main configuration file (RS)
)) (/usr/local/texlive/2021/texmf-dist/tex/latex/parskip/parskip.sty
Package: parskip 2021-03-14 v2.0h non-zero parskip adjustments
(/usr/local/texlive/2021/texmf-dist/tex/latex/kvoptions/kvoptions.sty
Package: kvoptions 2020-10-07 v3.14 Key value format for package options (HO)
(/usr/local/texlive/2021/texmf-dist/tex/generic/ltxcmds/ltxcmds.sty
Package: ltxcmds 2020-05-10 v1.25 LaTeX kernel commands for general use (HO)
) (/usr/local/texlive/2021/texmf-dist/tex/generic/kvsetkeys/kvsetkeys.sty
Package: kvsetkeys 2019/12/15 v1.18 Key value parser (HO)
)) (/usr/local/texlive/2021/texmf-dist/tex/latex/etoolbox/etoolbox.sty
Package: etoolbox 2020/10/05 v2.5k e-TeX tools for LaTeX (JAW)
\etb@tempcnta=\count267
)) (/usr/local/texlive/2021/texmf-dist/tex/latex/xcolor/xcolor.sty
Package: xcolor 2016/05/11 v2.12 LaTeX color extensions (UK)
(/usr/local/texlive/2021/texmf-dist/tex/latex/graphics-cfg/color.cfg
File: color.cfg 2016/01/02 v1.6 sample color configuration
)
Package xcolor Info: Driver file: pdftex.def on input line 225.
(/usr/local/texlive/2021/texmf-dist/tex/latex/graphics-def/pdftex.def
File: pdftex.def 2020/10/05 v1.2a Graphics/color driver for pdftex
)
Package xcolor Info: Model `cmy' substituted by `cmy0' on input line 1348.
Package xcolor Info: Model `hsb' substituted by `rgb' on input line 1352.
Package xcolor Info: Model `RGB' extended on input line 1364.
Package xcolor Info: Model `HTML' substituted by `rgb' on input line 1366.
Package xcolor Info: Model `Hsb' substituted by `hsb' on input line 1367.
Package xcolor Info: Model `tHsb' substituted by `hsb' on input line 1368.
Package xcolor Info: Model `HSB' substituted by `hsb' on input line 1369.
Package xcolor Info: Model `Gray' substituted by `gray' on input line 1370.
Package xcolor Info: Model `wave' substituted by `hsb' on input line 1371.
) (/usr/local/texlive/2021/texmf-dist/tex/latex/xurl/xurl.sty
Package: xurl 2020/12/30 v 0.09a modify URL breaks
(/usr/local/texlive/2021/texmf-dist/tex/latex/url/url.sty
\Urlmuskip=\muskip17
Package: url 2013/09/16  ver 3.4  Verb mode for urls, etc.
)) (/usr/local/texlive/2021/texmf-dist/tex/latex/bookmark/bookmark.sty
Package: bookmark 2020-11-06 v1.29 PDF bookmarks (HO)
(/usr/local/texlive/2021/texmf-dist/tex/latex/hyperref/hyperref.sty
Package: hyperref 2021-02-27 v7.00k Hypertext links for LaTeX
(/usr/local/texlive/2021/texmf-dist/tex/generic/pdftexcmds/pdftexcmds.sty
Package: pdftexcmds 2020-06-27 v0.33 Utility functions of pdfTeX for LuaTeX (HO
)
(/usr/local/texlive/2021/texmf-dist/tex/generic/infwarerr/infwarerr.sty
Package: infwarerr 2019/12/03 v1.5 Providing info/warning/error messages (HO)
)
Package pdftexcmds Info: \pdf@primitive is available.
Package pdftexcmds Info: \pdf@ifprimitive is available.
Package pdftexcmds Info: \pdfdraftmode found.
) (/usr/local/texlive/2021/texmf-dist/tex/generic/kvdefinekeys/kvdefinekeys.sty
Package: kvdefinekeys 2019-12-19 v1.6 Define keys (HO)
) (/usr/local/texlive/2021/texmf-dist/tex/generic/pdfescape/pdfescape.sty
Package: pdfescape 2019/12/09 v1.15 Implements pdfTeX's escape features (HO)
) (/usr/local/texlive/2021/texmf-dist/tex/latex/hycolor/hycolor.sty
Package: hycolor 2020-01-27 v1.10 Color options for hyperref/bookmark (HO)
) (/usr/local/texlive/2021/texmf-dist/tex/latex/letltxmacro/letltxmacro.sty
Package: letltxmacro 2019/12/03 v1.6 Let assignment for LaTeX macros (HO)
) (/usr/local/texlive/2021/texmf-dist/tex/latex/auxhook/auxhook.sty
Package: auxhook 2019-12-17 v1.6 Hooks for auxiliary files (HO)
)
\@linkdim=\dimen149
\Hy@linkcounter=\count268
\Hy@pagecounter=\count269
(/usr/local/texlive/2021/texmf-dist/tex/latex/hyperref/pd1enc.def
File: pd1enc.def 2021-02-27 v7.00k Hyperref: PDFDocEncoding definition (HO)
Now handling font encoding PD1 ...
... no UTF-8 mapping file for font encoding PD1
)
(/usr/local/texlive/2021/texmf-dist/tex/latex/hyperref/hyperref-langpatches.def
File: hyperref-langpatches.def 2021-02-27 v7.00k Hyperref: patches for babel la
nguages
) (/usr/local/texlive/2021/texmf-dist/tex/generic/intcalc/intcalc.sty
Package: intcalc 2019/12/15 v1.3 Expandable calculations with integers (HO)
) (/usr/local/texlive/2021/texmf-dist/tex/generic/etexcmds/etexcmds.sty
Package: etexcmds 2019/12/15 v1.7 Avoid name clashes with e-TeX commands (HO)
)
\Hy@SavedSpaceFactor=\count270
(/usr/local/texlive/2021/texmf-dist/tex/latex/hyperref/puenc.def
File: puenc.def 2021-02-27 v7.00k Hyperref: PDF Unicode definition (HO)
Now handling font encoding PU ...
... no UTF-8 mapping file for font encoding PU
)
Package hyperref Info: Option `unicode' set `true' on input line 4073.
Package hyperref Info: Hyper figures OFF on input line 4192.
Package hyperref Info: Link nesting OFF on input line 4197.
Package hyperref Info: Hyper index ON on input line 4200.
Package hyperref Info: Plain pages OFF on input line 4207.
Package hyperref Info: Backreferencing OFF on input line 4212.
Package hyperref Info: Implicit mode ON; LaTeX internals redefined.
Package hyperref Info: Bookmarks ON on input line 4445.
\c@Hy@tempcnt=\count271
LaTeX Info: Redefining \url on input line 4804.
\XeTeXLinkMargin=\dimen150
(/usr/local/texlive/2021/texmf-dist/tex/generic/bitset/bitset.sty
Package: bitset 2019/12/09 v1.3 Handle bit-vector datatype (HO)
(/usr/local/texlive/2021/texmf-dist/tex/generic/bigintcalc/bigintcalc.sty
Package: bigintcalc 2019/12/15 v1.5 Expandable calculations on big integers (HO
)
))
\Fld@menulength=\count272
\Field@Width=\dimen151
\Fld@charsize=\dimen152
Package hyperref Info: Hyper figures OFF on input line 6075.
Package hyperref Info: Link nesting OFF on input line 6080.
Package hyperref Info: Hyper index ON on input line 6083.
Package hyperref Info: backreferencing OFF on input line 6090.
Package hyperref Info: Link coloring OFF on input line 6095.
Package hyperref Info: Link coloring with OCG OFF on input line 6100.
Package hyperref Info: PDF/A mode OFF on input line 6105.
LaTeX Info: Redefining \ref on input line 6145.
LaTeX Info: Redefining \pageref on input line 6149.
(/usr/local/texlive/2021/texmf-dist/tex/latex/base/atbegshi-ltx.sty
Package: atbegshi-ltx 2020/08/17 v1.0a Emulation of the original atbegshi packa
ge
with kernel methods
)
\Hy@abspage=\count273
\c@Item=\count274
\c@Hfootnote=\count275
)
Package hyperref Info: Driver (autodetected): hpdftex.
(/usr/local/texlive/2021/texmf-dist/tex/latex/hyperref/hpdftex.def
File: hpdftex.def 2021-02-27 v7.00k Hyperref driver for pdfTeX
(/usr/local/texlive/2021/texmf-dist/tex/latex/base/atveryend-ltx.sty
Package: atveryend-ltx 2020/08/19 v1.0a Emulation of the original atvery packag
e
with kernel methods
)
\Fld@listcount=\count276
\c@bookmark@seq@number=\count277

(/usr/local/texlive/2021/texmf-dist/tex/latex/rerunfilecheck/rerunfilecheck.sty
Package: rerunfilecheck 2019/12/05 v1.9 Rerun checks for auxiliary files (HO)

(/usr/local/texlive/2021/texmf-dist/tex/generic/uniquecounter/uniquecounter.sty
Package: uniquecounter 2019/12/15 v1.4 Provide unlimited unique counter (HO)
)
Package uniquecounter Info: New unique counter `rerunfilecheck' on input line 2
86.
)
\Hy@SectionHShift=\skip53
) (/usr/local/texlive/2021/texmf-dist/tex/latex/bookmark/bkm-pdftex.def
File: bkm-pdftex.def 2020-11-06 v1.29 bookmark driver for pdfTeX (HO)
\BKM@id=\count278
)) (/usr/local/texlive/2021/texmf-dist/tex/latex/geometry/geometry.sty
Package: geometry 2020/01/02 v5.9 Page Geometry
(/usr/local/texlive/2021/texmf-dist/tex/generic/iftex/ifvtex.sty
Package: ifvtex 2019/10/25 v1.7 ifvtex legacy package. Use iftex instead.
)
\Gm@cnth=\count279
\Gm@cntv=\count280
\c@Gm@tempcnt=\count281
\Gm@bindingoffset=\dimen153
\Gm@wd@mp=\dimen154
\Gm@odd@mp=\dimen155
\Gm@even@mp=\dimen156
\Gm@layoutwidth=\dimen157
\Gm@layoutheight=\dimen158
\Gm@layouthoffset=\dimen159
\Gm@layoutvoffset=\dimen160
\Gm@dimlist=\toks24
) (/usr/local/texlive/2021/texmf-dist/tex/latex/graphics/graphicx.sty
Package: graphicx 2020/09/09 v1.2b Enhanced LaTeX Graphics (DPC,SPQR)
(/usr/local/texlive/2021/texmf-dist/tex/latex/graphics/graphics.sty
Package: graphics 2020/08/30 v1.4c Standard LaTeX Graphics (DPC,SPQR)
(/usr/local/texlive/2021/texmf-dist/tex/latex/graphics/trig.sty
Package: trig 2016/01/03 v1.10 sin cos tan (DPC)
) (/usr/local/texlive/2021/texmf-dist/tex/latex/graphics-cfg/graphics.cfg
File: graphics.cfg 2016/06/04 v1.11 sample graphics configuration
)
Package graphics Info: Driver file: pdftex.def on input line 105.
)
\Gin@req@height=\dimen161
\Gin@req@width=\dimen162
) (/usr/local/texlive/2021/texmf-dist/tex/latex/l3backend/l3backend-pdftex.def
File: l3backend-pdftex.def 2021-03-18 L3 backend support: PDF output (pdfTeX)
\l__color_backend_stack_int=\count282
\l__pdf_internal_box=\box49
) (./Exercise_Final.aux)
\openout1 = `Exercise_Final.aux'.

LaTeX Font Info:    Checking defaults for OML/cmm/m/it on input line 70.
LaTeX Font Info:    ... okay on input line 70.
LaTeX Font Info:    Checking defaults for OMS/cmsy/m/n on input line 70.
LaTeX Font Info:    ... okay on input line 70.
LaTeX Font Info:    Checking defaults for OT1/cmr/m/n on input line 70.
LaTeX Font Info:    ... okay on input line 70.
LaTeX Font Info:    Checking defaults for T1/cmr/m/n on input line 70.
LaTeX Font Info:    ... okay on input line 70.
LaTeX Font Info:    Checking defaults for TS1/cmr/m/n on input line 70.
LaTeX Font Info:    ... okay on input line 70.
LaTeX Font Info:    Checking defaults for OMX/cmex/m/n on input line 70.
LaTeX Font Info:    ... okay on input line 70.
LaTeX Font Info:    Checking defaults for U/cmr/m/n on input line 70.
LaTeX Font Info:    ... okay on input line 70.
LaTeX Font Info:    Checking defaults for PD1/pdf/m/n on input line 70.
LaTeX Font Info:    ... okay on input line 70.
LaTeX Font Info:    Checking defaults for PU/pdf/m/n on input line 70.
LaTeX Font Info:    ... okay on input line 70.
LaTeX Info: Redefining \microtypecontext on input line 70.
Package microtype Info: Generating PDF output.
Package microtype Info: Character protrusion enabled (level 2).
Package microtype Info: Using protrusion set `basicmath'.
Package microtype Info: Automatic font expansion enabled (level 2),
(microtype)             stretch: 20, shrink: 20, step: 1, non-selected.
Package microtype Info: Using default expansion set `alltext-nott'.
LaTeX Info: Redefining \showhyphens on input line 70.
Package microtype Info: No adjustment of tracking.
Package microtype Info: No adjustment of interword spacing.
Package microtype Info: No adjustment of character kerning.
(/usr/local/texlive/2021/texmf-dist/tex/latex/microtype/mt-cmr.cfg
File: mt-cmr.cfg 2013/05/19 v2.2 microtype config. file: Computer Modern Roman 
(RS)
) (/usr/local/texlive/2021/texmf-dist/tex/context/base/mkii/supp-pdf.mkii
[Loading MPS to PDF converter (version 2006.09.02).]
\scratchcounter=\count283
\scratchdimen=\dimen163
\scratchbox=\box50
\nofMPsegments=\count284
\nofMParguments=\count285
\everyMPshowfont=\toks25
\MPscratchCnt=\count286
\MPscratchDim=\dimen164
\MPnumerator=\count287
\makeMPintoPDFobject=\count288
\everyMPtoPDFconversion=\toks26
) (/usr/local/texlive/2021/texmf-dist/tex/latex/epstopdf-pkg/epstopdf-base.sty
Package: epstopdf-base 2020-01-24 v2.11 Base part for package epstopdf
Package epstopdf-base Info: Redefining graphics rule for `.eps' on input line 4
85.
(/usr/local/texlive/2021/texmf-dist/tex/latex/latexconfig/epstopdf-sys.cfg
File: epstopdf-sys.cfg 2010/07/13 v1.3 Configuration of (r)epstopdf for TeX Liv
e
))
Package hyperref Info: Link coloring OFF on input line 70.
(/usr/local/texlive/2021/texmf-dist/tex/latex/hyperref/nameref.sty
Package: nameref 2021-04-02 v2.47 Cross-referencing by name of section
(/usr/local/texlive/2021/texmf-dist/tex/latex/refcount/refcount.sty
Package: refcount 2019/12/15 v3.6 Data extraction from label references (HO)
)
(/usr/local/texlive/2021/texmf-dist/tex/generic/gettitlestring/gettitlestring.s
ty
Package: gettitlestring 2019/12/15 v1.6 Cleanup title references (HO)
)
\c@section@level=\count289
)
LaTeX Info: Redefining \ref on input line 70.
LaTeX Info: Redefining \pageref on input line 70.
LaTeX Info: Redefining \nameref on input line 70.
*geometry* driver: auto-detecting
*geometry* detected driver: pdftex
*geometry* verbose mode - [ preamble ] result:
* driver: pdftex
* paper: <default>
* layout: <same size as paper>
* layoutoffset:(h,v)=(0.0pt,0.0pt)
* modes: 
* h-part:(L,W,R)=(72.26999pt, 469.75502pt, 72.26999pt)
* v-part:(T,H,B)=(72.26999pt, 650.43001pt, 72.26999pt)
* \paperwidth=614.295pt
* \paperheight=794.96999pt
* \textwidth=469.75502pt
* \textheight=650.43001pt
* \oddsidemargin=0.0pt
* \evensidemargin=0.0pt
* \topmargin=-37.0pt
* \headheight=12.0pt
* \headsep=25.0pt
* \topskip=10.0pt
* \footskip=30.0pt
* \marginparwidth=65.0pt
* \marginparsep=11.0pt
* \columnsep=10.0pt
* \skip\footins=9.0pt plus 4.0pt minus 2.0pt
* \hoffset=0.0pt
* \voffset=0.0pt
* \mag=1000
* \@twocolumnfalse
* \@twosidefalse
* \@mparswitchfalse
* \@reversemarginfalse
* (1in=72.27pt=25.4mm, 1cm=28.453pt)

LaTeX Font Info:    Trying to load font information for OT1+lmr on input line 7
2.
(/usr/local/texlive/2021/texmf-dist/tex/latex/lm/ot1lmr.fd
File: ot1lmr.fd 2015/05/01 v1.6.1 Font defs for Latin Modern
)
LaTeX Font Info:    Trying to load font information for OML+lmm on input line 7
2.
(/usr/local/texlive/2021/texmf-dist/tex/latex/lm/omllmm.fd
File: omllmm.fd 2015/05/01 v1.6.1 Font defs for Latin Modern
)
LaTeX Font Info:    Trying to load font information for OMS+lmsy on input line 
72.
(/usr/local/texlive/2021/texmf-dist/tex/latex/lm/omslmsy.fd
File: omslmsy.fd 2015/05/01 v1.6.1 Font defs for Latin Modern
)
LaTeX Font Info:    Trying to load font information for OMX+lmex on input line 
72.
(/usr/local/texlive/2021/texmf-dist/tex/latex/lm/omxlmex.fd
File: omxlmex.fd 2015/05/01 v1.6.1 Font defs for Latin Modern
)
LaTeX Font Info:    External font `lmex10' loaded for size
(Font)              <12> on input line 72.
LaTeX Font Info:    External font `lmex10' loaded for size
(Font)              <8> on input line 72.
LaTeX Font Info:    External font `lmex10' loaded for size
(Font)              <6> on input line 72.
LaTeX Font Info:    Trying to load font information for U+msa on input line 72.

(/usr/local/texlive/2021/texmf-dist/tex/latex/amsfonts/umsa.fd
File: umsa.fd 2013/01/14 v3.01 AMS symbols A
) (/usr/local/texlive/2021/texmf-dist/tex/latex/microtype/mt-msa.cfg
File: mt-msa.cfg 2006/02/04 v1.1 microtype config. file: AMS symbols (a) (RS)
)
LaTeX Font Info:    Trying to load font information for U+msb on input line 72.

(/usr/local/texlive/2021/texmf-dist/tex/latex/amsfonts/umsb.fd
File: umsb.fd 2013/01/14 v3.01 AMS symbols B
) (/usr/local/texlive/2021/texmf-dist/tex/latex/microtype/mt-msb.cfg
File: mt-msb.cfg 2005/06/01 v1.0 microtype config. file: AMS symbols (b) (RS)
)
LaTeX Font Info:    Trying to load font information for T1+lmtt on input line 7
6.
(/usr/local/texlive/2021/texmf-dist/tex/latex/lm/t1lmtt.fd
File: t1lmtt.fd 2015/05/01 v1.6.1 Font defs for Latin Modern
)
<Exercise_Final_files/figure-latex/unnamed-chunk-5-1.pdf, id=4, 345.29pt x 320.
19624pt>
File: Exercise_Final_files/figure-latex/unnamed-chunk-5-1.pdf Graphic file (typ
e pdf)
<use Exercise_Final_files/figure-latex/unnamed-chunk-5-1.pdf>
Package pdftex.def Info: Exercise_Final_files/figure-latex/unnamed-chunk-5-1.pd
f  used on input line 111.
(pdftex.def)             Requested size: 345.2944pt x 320.20033pt.
[1

{/usr/local/texlive/2021/texmf-var/fonts/map/pdftex/updmap/pdftex.map}]
<Exercise_Final_files/figure-latex/unnamed-chunk-6-1.pdf, id=17, 459.7175pt x 3
15.1775pt>
File: Exercise_Final_files/figure-latex/unnamed-chunk-6-1.pdf Graphic file (typ
e pdf)
<use Exercise_Final_files/figure-latex/unnamed-chunk-6-1.pdf>
Package pdftex.def Info: Exercise_Final_files/figure-latex/unnamed-chunk-6-1.pd
f  used on input line 115.
(pdftex.def)             Requested size: 459.74442pt x 315.19595pt.
<Exercise_Final_files/figure-latex/unnamed-chunk-6-2.pdf, id=18, 459.7175pt x 3
15.1775pt>
File: Exercise_Final_files/figure-latex/unnamed-chunk-6-2.pdf Graphic file (typ
e pdf)
<use Exercise_Final_files/figure-latex/unnamed-chunk-6-2.pdf>
Package pdftex.def Info: Exercise_Final_files/figure-latex/unnamed-chunk-6-2.pd
f  used on input line 116.
(pdftex.def)             Requested size: 459.74442pt x 315.19595pt.

Underfull \hbox (badness 10000) in paragraph at lines 115--121
[][]
 []


Underfull \hbox (badness 10000) in paragraph at lines 115--121
[]
 []

[2 <./Exercise_Final_files/figure-latex/unnamed-chunk-5-1.pdf>] [3 <./Exercise_
Final_files/figure-latex/unnamed-chunk-6-1.pdf> <./Exercise_Final_files/figure-
latex/unnamed-chunk-6-2.pdf>]
<Exercise_Final_files/figure-latex/unnamed-chunk-7-1.pdf, id=49, 459.7175pt x 3
15.1775pt>
File: Exercise_Final_files/figure-latex/unnamed-chunk-7-1.pdf Graphic file (typ
e pdf)
<use Exercise_Final_files/figure-latex/unnamed-chunk-7-1.pdf>
Package pdftex.def Info: Exercise_Final_files/figure-latex/unnamed-chunk-7-1.pd
f  used on input line 122.
(pdftex.def)             Requested size: 459.74442pt x 315.19595pt.
<Exercise_Final_files/figure-latex/unnamed-chunk-7-2.pdf, id=50, 459.7175pt x 3
15.1775pt>
File: Exercise_Final_files/figure-latex/unnamed-chunk-7-2.pdf Graphic file (typ
e pdf)
<use Exercise_Final_files/figure-latex/unnamed-chunk-7-2.pdf>
Package pdftex.def Info: Exercise_Final_files/figure-latex/unnamed-chunk-7-2.pd
f  used on input line 123.
(pdftex.def)             Requested size: 459.74442pt x 315.19595pt.

Underfull \hbox (badness 10000) in paragraph at lines 122--127
[][]
 []


Underfull \hbox (badness 10000) in paragraph at lines 122--127
[]
 []

[4 <./Exercise_Final_files/figure-latex/unnamed-chunk-7-1.pdf>] [5 <./Exercise_
Final_files/figure-latex/unnamed-chunk-7-2.pdf>]
<Exercise_Final_files/figure-latex/unnamed-chunk-9-1.pdf, id=75, 453.695pt x 31
5.1775pt>
File: Exercise_Final_files/figure-latex/unnamed-chunk-9-1.pdf Graphic file (typ
e pdf)
<use Exercise_Final_files/figure-latex/unnamed-chunk-9-1.pdf>
Package pdftex.def Info: Exercise_Final_files/figure-latex/unnamed-chunk-9-1.pd
f  used on input line 174.
(pdftex.def)             Requested size: 453.6939pt x 315.17673pt.
<Exercise_Final_files/figure-latex/unnamed-chunk-10-1.pdf, id=76, 453.695pt x 3
15.1775pt>
File: Exercise_Final_files/figure-latex/unnamed-chunk-10-1.pdf Graphic file (ty
pe pdf)
<use Exercise_Final_files/figure-latex/unnamed-chunk-10-1.pdf>
Package pdftex.def Info: Exercise_Final_files/figure-latex/unnamed-chunk-10-1.p
df  used on input line 182.
(pdftex.def)             Requested size: 453.6939pt x 315.17673pt.

Overfull \hbox (26.21622pt too wide) in paragraph at lines 180--183
\T1/lmr/m/n/10 (-20) on month [] 
 []

[6 <./Exercise_Final_files/figure-latex/unnamed-chunk-9-1.pdf>]
<Exercise_Final_files/figure-latex/unnamed-chunk-11-1.pdf, id=88, 453.695pt x 3
15.1775pt>
File: Exercise_Final_files/figure-latex/unnamed-chunk-11-1.pdf Graphic file (ty
pe pdf)
<use Exercise_Final_files/figure-latex/unnamed-chunk-11-1.pdf>
Package pdftex.def Info: Exercise_Final_files/figure-latex/unnamed-chunk-11-1.p
df  used on input line 191.
(pdftex.def)             Requested size: 453.6939pt x 315.17673pt.
[7 <./Exercise_Final_files/figure-latex/unnamed-chunk-10-1.pdf>]
<Exercise_Final_files/figure-latex/unnamed-chunk-12-1.pdf, id=104, 459.7175pt x
 315.1775pt>
File: Exercise_Final_files/figure-latex/unnamed-chunk-12-1.pdf Graphic file (ty
pe pdf)
<use Exercise_Final_files/figure-latex/unnamed-chunk-12-1.pdf>
Package pdftex.def Info: Exercise_Final_files/figure-latex/unnamed-chunk-12-1.p
df  used on input line 197.
(pdftex.def)             Requested size: 459.74442pt x 315.19595pt.
[8 <./Exercise_Final_files/figure-latex/unnamed-chunk-11-1.pdf>] [9 <./Exercise
_Final_files/figure-latex/unnamed-chunk-12-1.pdf>] [10] [11]
<Exercise_Final_files/figure-latex/plot-1.pdf, id=156, 453.695pt x 315.1775pt>
File: Exercise_Final_files/figure-latex/plot-1.pdf Graphic file (type pdf)
<use Exercise_Final_files/figure-latex/plot-1.pdf>
Package pdftex.def Info: Exercise_Final_files/figure-latex/plot-1.pdf  used on 
input line 422.
(pdftex.def)             Requested size: 453.6939pt x 315.17673pt.
[12 <./Exercise_Final_files/figure-latex/plot-1.pdf>]
Overfull \hbox (70.99341pt too wide) in paragraph at lines 522--522
[]\T1/lmtt/m/n/10 ##      lhs                        rhs                    sup
port confidence    coverage     lift count[] 
 []


Overfull \hbox (70.99341pt too wide) in paragraph at lines 522--522
[]\T1/lmtt/m/n/10 ##       root vegetables}       => {other vegetables} 0.00569
3950  0.6021505 0.009456024 3.112008    56[] 
 []


Overfull \hbox (70.99341pt too wide) in paragraph at lines 522--522
[]\T1/lmtt/m/n/10 ##       tropical fruit}        => {whole milk}       0.00650
7372  0.6336634 0.010269446 2.479936    64[] 
 []


Overfull \hbox (70.99341pt too wide) in paragraph at lines 522--522
[]\T1/lmtt/m/n/10 ##       margarine}             => {whole milk}       0.00518
5562  0.6219512 0.008337570 2.434099    51[] 
 []


Overfull \hbox (70.99341pt too wide) in paragraph at lines 522--522
[]\T1/lmtt/m/n/10 ##       domestic eggs}         => {whole milk}       0.00599
8983  0.6210526 0.009659380 2.430582    59[] 
 []


Overfull \hbox (70.99341pt too wide) in paragraph at lines 522--522
[]\T1/lmtt/m/n/10 ##       whipped/sour cream}    => {whole milk}       0.00671
0727  0.6600000 0.010167768 2.583008    66[] 
 []


Overfull \hbox (70.99341pt too wide) in paragraph at lines 522--522
[]\T1/lmtt/m/n/10 ##       butter}                => {whole milk}       0.00538
8917  0.6022727 0.008947636 2.357084    53[] 
 []


Overfull \hbox (70.99341pt too wide) in paragraph at lines 522--522
[]\T1/lmtt/m/n/10 ##       tropical fruit}        => {whole milk}       0.00620
2339  0.6224490 0.009964413 2.436047    61[] 
 []


Overfull \hbox (70.99341pt too wide) in paragraph at lines 522--522
[]\T1/lmtt/m/n/10 ##       root vegetables}       => {whole milk}       0.00823
5892  0.6377953 0.012913066 2.496107    81[] 
 []


Overfull \hbox (70.99341pt too wide) in paragraph at lines 522--522
[]\T1/lmtt/m/n/10 ##       yogurt}                => {whole milk}       0.00935
4347  0.6388889 0.014641586 2.500387    92[] 
 []


Overfull \hbox (70.99341pt too wide) in paragraph at lines 522--522
[]\T1/lmtt/m/n/10 ##       pip fruit}             => {whole milk}       0.00538
8917  0.6235294 0.008642603 2.440275    53[] 
 []


Overfull \hbox (70.99341pt too wide) in paragraph at lines 522--522
[]\T1/lmtt/m/n/10 ##       tropical fruit}        => {whole milk}       0.00691
4082  0.6071429 0.011387900 2.376144    68[] 
 []


Overfull \hbox (70.99341pt too wide) in paragraph at lines 522--522
[]\T1/lmtt/m/n/10 ##       whipped/sour cream}    => {other vegetables} 0.00559
2272  0.6043956 0.009252669 3.123610    55[] 
 []


Overfull \hbox (70.99341pt too wide) in paragraph at lines 522--522
[]\T1/lmtt/m/n/10 ##       whipped/sour cream}    => {whole milk}       0.00599
8983  0.6483516 0.009252669 2.537421    59[] 
 []


Overfull \hbox (70.99341pt too wide) in paragraph at lines 522--522
[]\T1/lmtt/m/n/10 ##       yogurt}                => {whole milk}       0.00508
3884  0.6172840 0.008235892 2.415833    50[] 
 []

[13]
Overfull \hbox (70.99341pt too wide) in paragraph at lines 522--522
[]\T1/lmtt/m/n/10 ##       whipped/sour cream}    => {whole milk}       0.00518
5562  0.6071429 0.008540925 2.376144    51[] 
 []


Overfull \hbox (70.99341pt too wide) in paragraph at lines 522--522
[]\T1/lmtt/m/n/10 ##       root vegetables}       => {whole milk}       0.00549
0595  0.6750000 0.008134215 2.641713    54[] 
 []


Overfull \hbox (70.99341pt too wide) in paragraph at lines 522--522
[]\T1/lmtt/m/n/10 ##       whole milk}            => {other vegetables} 0.00549
0595  0.6136364 0.008947636 3.171368    54[] 
 []


Overfull \hbox (70.99341pt too wide) in paragraph at lines 522--522
[]\T1/lmtt/m/n/10 ##       yogurt}                => {whole milk}       0.00508
3884  0.6250000 0.008134215 2.446031    50[] 
 []


Overfull \hbox (70.99341pt too wide) in paragraph at lines 522--522
[]\T1/lmtt/m/n/10 ##       whole milk}            => {other vegetables} 0.00579
5628  0.6333333 0.009150991 3.273165    57[] 
 []


Overfull \hbox (70.99341pt too wide) in paragraph at lines 522--522
[]\T1/lmtt/m/n/10 ##       yogurt}                => {whole milk}       0.00569
3950  0.7000000 0.008134215 2.739554    56[] 
 []


Overfull \hbox (70.99341pt too wide) in paragraph at lines 522--522
[]\T1/lmtt/m/n/10 ##       yogurt}                => {whole milk}       0.00762
5826  0.6198347 0.012302999 2.425816    75[] 
 []


Overfull \hbox (70.99341pt too wide) in paragraph at lines 522--522
[]\T1/lmtt/m/n/10 ##       yogurt}                => {whole milk}       0.00782
9181  0.6062992 0.012913066 2.372842    77[] 
 []

[14]
<Exercise_Final_files/figure-latex/ex 0.03-0.03-1.pdf, id=177, 449.68pt x 289.0
8pt>
File: Exercise_Final_files/figure-latex/ex 0.03-0.03-1.pdf Graphic file (type p
df)
<use Exercise_Final_files/figure-latex/ex 0.03-0.03-1.pdf>
Package pdftex.def Info: Exercise_Final_files/figure-latex/ex 0.03-0.03-1.pdf  
used on input line 562.
(pdftex.def)             Requested size: 449.69948pt x 289.09251pt.
<1064 nodes.pdf, id=178, 597.23125pt x 845.1575pt>
File: 1064 nodes.pdf Graphic file (type pdf)
<use 1064 nodes.pdf>
Package pdftex.def Info: 1064 nodes.pdf  used on input line 570.
(pdftex.def)             Requested size: 459.64165pt x 650.4509pt.

LaTeX Warning: Float too large for page by 23.96532pt on input line 575.

[15 <./Exercise_Final_files/figure-latex/ex 0.03-0.03-1.pdf>] [16 <./1064 nodes
.pdf>]
<Exercise_Final_files/figure-latex/ex 0.3-0.03-1.pdf, id=206, 436.63126pt x 291
.0875pt>
File: Exercise_Final_files/figure-latex/ex 0.3-0.03-1.pdf Graphic file (type pd
f)
<use Exercise_Final_files/figure-latex/ex 0.3-0.03-1.pdf>
Package pdftex.def Info: Exercise_Final_files/figure-latex/ex 0.3-0.03-1.pdf  u
sed on input line 612.
(pdftex.def)             Requested size: 436.63019pt x 291.08678pt.
<132 nodes.pdf, id=207, 597.23125pt x 845.1575pt>
File: 132 nodes.pdf Graphic file (type pdf)
<use 132 nodes.pdf>
Package pdftex.def Info: 132 nodes.pdf  used on input line 620.
(pdftex.def)             Requested size: 328.8245pt x 465.32811pt.
[17 <./Exercise_Final_files/figure-latex/ex 0.3-0.03-1.pdf>] [18 <./132 nodes.p
df>] (./Exercise_Final.aux) ) 
Here is how much of TeX's memory you used:
 12524 strings out of 478994
 189259 string characters out of 5858184
 533413 words of memory out of 5000000
 29687 multiletter control sequences out of 15000+600000
 433673 words of font info for 80 fonts, out of 8000000 for 9000
 1141 hyphenation exceptions out of 8191
 85i,6n,88p,519b,477s stack positions out of 5000i,500n,10000p,200000b,80000s
{/usr/local/texlive/2021/texmf-dist/fonts/enc/dvip
s/lm/lm-ec.enc}</usr/local/texlive/2021/texmf-dist/fonts/type1/public/lm/lmbx10
.pfb></usr/local/texlive/2021/texmf-dist/fonts/type1/public/lm/lmbx12.pfb></usr
/local/texlive/2021/texmf-dist/fonts/type1/public/lm/lmr10.pfb></usr/local/texl
ive/2021/texmf-dist/fonts/type1/public/lm/lmr12.pfb></usr/local/texlive/2021/te
xmf-dist/fonts/type1/public/lm/lmr17.pfb></usr/local/texlive/2021/texmf-dist/fo
nts/type1/public/lm/lmtt10.pfb>
Output written on Exercise_Final.pdf (18 pages, 1231534 bytes).
PDF statistics:
 295 PDF objects out of 1000 (max. 8388607)
 222 compressed objects within 3 object streams
 44 named destinations out of 1000 (max. 500000)
 16519 words of extra memory for PDF output out of 17280 (max. 10000000)

